<?xml version="1.0" encoding="UTF-8"?>
<testsuite xmlns:xsi="http://www.w3.org/2001/XMLSchema-instance" xsi:noNamespaceSchemaLocation="https://maven.apache.org/surefire/maven-surefire-plugin/xsd/surefire-test-report.xsd" name="com.usc.foodordering.controller.MenuControllerTest" time="6.291" tests="7" errors="0" skipped="0" failures="0">
  <properties>
[...]
</properties>
  <testcase name="testGetAllManuTypesDB" classname="com.usc.foodordering.controller.MenuControllerTest" time="0.261"/>
  <testcase name="testGetMenuTypeByIdRedis" classname="com.usc.foodordering.controller.MenuControllerTest" time="0.038"/>
  <testcase name="testCreateMenuType" classname="com.usc.foodordering.controller.MenuControllerTest" time="0.185"/>
  <testcase name="testGetMenuTypeByIdDB" classname="com.usc.foodordering.controller.MenuControllerTest" time="0.008"/>
  <testcase name="testDeleteMenuTypeDB" classname="com.usc.foodordering.controller.MenuControllerTest" time="0.013"/>
  <testcase name="testDeleteMenuTypeRedis" classname="com.usc.foodordering.controller.MenuControllerTest" time="0.008"/>
  <testcase name="testGetAllMenuTypesRedis" classname="com.usc.foodordering.controller.MenuControllerTest" time="0.007"/>
</testsuite>